<?xml version="1.0" encoding="UTF-8"?>
<!-- Generated by org.testng.reporters.JUnitReportReporter -->
<testsuite hostname="L005370" failures="0" tests="1" name="com.seleniumeasy.RunnerClass.DriverScript" time="8.264" errors="0" timestamp="2020-03-01T11:06:04 IST" skipped="0">
  <testcase classname="com.seleniumeasy.RunnerClass.DriverScript" name="sampleFormTest" time="8.264"/>
</testsuite> <!-- com.seleniumeasy.RunnerClass.DriverScript -->
